c:\users\charley\desktop\dggridv64_vs2013\dggridv64\dggridv64\debug\vc120.pdb
c:\users\charley\desktop\dggridv64_vs2013\dggridv64\dggridv64\debug\vc120.idb
c:\users\charley\desktop\dggridv64_vs2013\dggridv64\dggridv64\debug\binpres.obj
c:\users\charley\desktop\dggridv64_vs2013\dggridv64\dggridv64\debug\binvals.obj
c:\users\charley\desktop\dggridv64_vs2013\dggridv64\dggridv64\debug\clipper.obj
c:\users\charley\desktop\dggridv64_vs2013\dggridv64\dggridv64\debug\dggrid.obj
c:\users\charley\desktop\dggridv64_vs2013\dggridv64\dggridv64\debug\dghexsf.obj
c:\users\charley\desktop\dggridv64_vs2013\dggridv64\dggridv64\debug\gridgen.obj
c:\users\charley\desktop\dggridv64_vs2013\dggridv64\dggridv64\debug\param.obj
c:\users\charley\desktop\dggridv64_vs2013\dggridv64\dggridv64\debug\quadclip.obj
c:\users\charley\desktop\dggridv64_vs2013\dggridv64\dggridv64\debug\table.obj
c:\users\charley\desktop\dggridv64_vs2013\dggridv64\dggridv64\debug\transform.obj
c:\users\charley\desktop\dggridv64_vs2013\dggridv64\dggridv64\debug\util.obj
c:\users\charley\desktop\dggridv64_vs2013\dggridv64\debug\dggridv64.ilk
c:\users\charley\desktop\dggridv64_vs2013\dggridv64\debug\dggridv64.exe
c:\users\charley\desktop\dggridv64_vs2013\dggridv64\debug\dggridv64.pdb
c:\users\charley\desktop\dggridv64_vs2013\dggridv64\dggridv64\debug\dggridv64.tlog\cl.command.1.tlog
c:\users\charley\desktop\dggridv64_vs2013\dggridv64\dggridv64\debug\dggridv64.tlog\cl.read.1.tlog
c:\users\charley\desktop\dggridv64_vs2013\dggridv64\dggridv64\debug\dggridv64.tlog\cl.write.1.tlog
c:\users\charley\desktop\dggridv64_vs2013\dggridv64\dggridv64\debug\dggridv64.tlog\link.command.1.tlog
c:\users\charley\desktop\dggridv64_vs2013\dggridv64\dggridv64\debug\dggridv64.tlog\link.read.1.tlog
c:\users\charley\desktop\dggridv64_vs2013\dggridv64\dggridv64\debug\dggridv64.tlog\link.write.1.tlog
