  GLC30_Func.cpp
d:\gdal241\include\ogr_featurestyle.h(89): warning C4251: “OGRStyleTable::osLastRequestedStyleName”: class“CPLString”需要有 dll 接口由 class“OGRStyleTable”的客户端使用
  d:\gdal241\include\cpl_string.h(329): note: 参见“CPLString”的声明
d:\gdal241\include\cpl_json.h(153): warning C4251: “CPLJSONObject::m_osKey”: class“std::basic_string<char,std::char_traits<char>,std::allocator<char>>”需要有 dll 接口由 class“CPLJSONObject”的客户端使用
  c:\program files (x86)\microsoft visual studio 14.0\vc\include\xstring(2633): note: 参见“std::basic_string<char,std::char_traits<char>,std::allocator<char>>”的声明
d:\gdal241\include\ogr_geometry.h(947): warning C4251: “OGRCurve::ConstIterator::m_poPrivate”: class“std::unique_ptr<OGRCurve::ConstIterator::Private,std::default_delete<_Ty>>”需要有 dll 接口由 class“OGRCurve::ConstIterator”的客户端使用
          with
          [
              _Ty=OGRCurve::ConstIterator::Private
          ]
  d:\gdal241\include\ogr_geometry.h(947): note: 参见“std::unique_ptr<OGRCurve::ConstIterator::Private,std::default_delete<_Ty>>”的声明
          with
          [
              _Ty=OGRCurve::ConstIterator::Private
          ]
d:\gdal241\include\ogr_geometry.h(1066): warning C4251: “OGRSimpleCurve::Iterator::m_poPrivate”: class“std::unique_ptr<OGRSimpleCurve::Iterator::Private,std::default_delete<_Ty>>”需要有 dll 接口由 class“OGRSimpleCurve::Iterator”的客户端使用
          with
          [
              _Ty=OGRSimpleCurve::Iterator::Private
          ]
  d:\gdal241\include\ogr_geometry.h(1066): note: 参见“std::unique_ptr<OGRSimpleCurve::Iterator::Private,std::default_delete<_Ty>>”的声明
          with
          [
              _Ty=OGRSimpleCurve::Iterator::Private
          ]
d:\gdal241\include\ogr_geometry.h(1083): warning C4251: “OGRSimpleCurve::ConstIterator::m_poPrivate”: class“std::unique_ptr<OGRSimpleCurve::ConstIterator::Private,std::default_delete<_Ty>>”需要有 dll 接口由 class“OGRSimpleCurve::ConstIterator”的客户端使用
          with
          [
              _Ty=OGRSimpleCurve::ConstIterator::Private
          ]
  d:\gdal241\include\ogr_geometry.h(1083): note: 参见“std::unique_ptr<OGRSimpleCurve::ConstIterator::Private,std::default_delete<_Ty>>”的声明
          with
          [
              _Ty=OGRSimpleCurve::ConstIterator::Private
          ]
d:\gdal241\include\ogr_feature.h(385): warning C4251: “OGRFeature::FieldValue::m_poPrivate”: class“std::unique_ptr<OGRFeature::FieldValue::Private,std::default_delete<_Ty>>”需要有 dll 接口由 class“OGRFeature::FieldValue”的客户端使用
          with
          [
              _Ty=OGRFeature::FieldValue::Private
          ]
  d:\gdal241\include\ogr_feature.h(385): note: 参见“std::unique_ptr<OGRFeature::FieldValue::Private,std::default_delete<_Ty>>”的声明
          with
          [
              _Ty=OGRFeature::FieldValue::Private
          ]
d:\gdal241\include\ogr_feature.h(528): warning C4251: “OGRFeature::ConstFieldIterator::m_poPrivate”: class“std::unique_ptr<OGRFeature::ConstFieldIterator::Private,std::default_delete<_Ty>>”需要有 dll 接口由 class“OGRFeature::ConstFieldIterator”的客户端使用
          with
          [
              _Ty=OGRFeature::ConstFieldIterator::Private
          ]
  d:\gdal241\include\ogr_feature.h(528): note: 参见“std::unique_ptr<OGRFeature::ConstFieldIterator::Private,std::default_delete<_Ty>>”的声明
          with
          [
              _Ty=OGRFeature::ConstFieldIterator::Private
          ]
d:\gdal241\include\gdal_priv.h(137): warning C4251: “GDALMajorObject::sDescription”: class“CPLString”需要有 dll 接口由 class“GDALMajorObject”的客户端使用
  d:\gdal241\include\cpl_string.h(329): note: 参见“CPLString”的声明
d:\gdal241\include\gdal_priv.h(190): warning C4251: “GDALDefaultOverviews::osOvrFilename”: class“CPLString”需要有 dll 接口由 class“GDALDefaultOverviews”的客户端使用
  d:\gdal241\include\cpl_string.h(329): note: 参见“CPLString”的声明
d:\gdal241\include\gdal_priv.h(471): warning C4251: “GDALDataset::Bands::Iterator::m_poPrivate”: class“std::unique_ptr<GDALDataset::Bands::Iterator::Private,std::default_delete<_Ty>>”需要有 dll 接口由 class“GDALDataset::Bands::Iterator”的客户端使用
          with
          [
              _Ty=GDALDataset::Bands::Iterator::Private
          ]
  d:\gdal241\include\gdal_priv.h(471): note: 参见“std::unique_ptr<GDALDataset::Bands::Iterator::Private,std::default_delete<_Ty>>”的声明
          with
          [
              _Ty=GDALDataset::Bands::Iterator::Private
          ]
d:\gdal241\include\gdal_priv.h(658): warning C4251: “GDALDataset::Layers::Iterator::m_poPrivate”: class“std::unique_ptr<GDALDataset::Layers::Iterator::Private,std::default_delete<_Ty>>”需要有 dll 接口由 class“GDALDataset::Layers::Iterator”的客户端使用
          with
          [
              _Ty=GDALDataset::Layers::Iterator::Private
          ]
  d:\gdal241\include\gdal_priv.h(658): note: 参见“std::unique_ptr<GDALDataset::Layers::Iterator::Private,std::default_delete<_Ty>>”的声明
          with
          [
              _Ty=GDALDataset::Layers::Iterator::Private
          ]
d:\gdal241\include\gdal_priv.h(716): warning C4251: “GDALDataset::Features::Iterator::m_poPrivate”: class“std::unique_ptr<GDALDataset::Features::Iterator::Private,std::default_delete<_Ty>>”需要有 dll 接口由 class“GDALDataset::Features::Iterator”的客户端使用
          with
          [
              _Ty=GDALDataset::Features::Iterator::Private
          ]
  d:\gdal241\include\gdal_priv.h(716): note: 参见“std::unique_ptr<GDALDataset::Features::Iterator::Private,std::default_delete<_Ty>>”的声明
          with
          [
              _Ty=GDALDataset::Features::Iterator::Private
          ]
d:\gdal241\include\gdal_priv.h(941): warning C4251: “GDALColorTable::aoEntries”: class“std::vector<GDALColorEntry,std::allocator<_Ty>>”需要有 dll 接口由 class“GDALColorTable”的客户端使用
          with
          [
              _Ty=GDALColorEntry
          ]
  d:\gdal241\include\gdal_priv.h(941): note: 参见“std::vector<GDALColorEntry,std::allocator<_Ty>>”的声明
          with
          [
              _Ty=GDALColorEntry
          ]
d:\gdal241\include\gdal_priv.h(1519): warning C4251: “GDALDriverManager::oMapNameToDrivers”: class“std::map<CPLString,GDALDriver *,std::less<_Kty>,std::allocator<std::pair<const _Kty,_Ty>>>”需要有 dll 接口由 class“GDALDriverManager”的客户端使用
          with
          [
              _Kty=CPLString,
              _Ty=GDALDriver *
          ]
  d:\gdal241\include\gdal_priv.h(1519): note: 参见“std::map<CPLString,GDALDriver *,std::less<_Kty>,std::allocator<std::pair<const _Kty,_Ty>>>”的声明
          with
          [
              _Kty=CPLString,
              _Ty=GDALDriver *
          ]
d:\gdal241\include\ogrsf_frmts.h(74): warning C4251: “OGRLayer::m_poPrivate”: class“std::unique_ptr<OGRLayer::Private,std::default_delete<_Ty>>”需要有 dll 接口由 class“OGRLayer”的客户端使用
          with
          [
              _Ty=OGRLayer::Private
          ]
  d:\gdal241\include\ogrsf_frmts.h(74): note: 参见“std::unique_ptr<OGRLayer::Private,std::default_delete<_Ty>>”的声明
          with
          [
              _Ty=OGRLayer::Private
          ]
d:\gdal241\include\ogrsf_frmts.h(81): warning C4251: “OGRLayer::FeatureIterator::m_poPrivate”: class“std::unique_ptr<OGRLayer::FeatureIterator::Private,std::default_delete<_Ty>>”需要有 dll 接口由 class“OGRLayer::FeatureIterator”的客户端使用
          with
          [
              _Ty=OGRLayer::FeatureIterator::Private
          ]
  d:\gdal241\include\ogrsf_frmts.h(81): note: 参见“std::unique_ptr<OGRLayer::FeatureIterator::Private,std::default_delete<_Ty>>”的声明
          with
          [
              _Ty=OGRLayer::FeatureIterator::Private
          ]
d:\demos\dggandglc\实验程序\dggridv64_vs2013_边界跟踪用于globeland30实验\lib\dglib\include\dgutil.h(106): warning C4244: “return”: 从“__int64”转换到“long”，可能丢失数据
d:\demos\dggandglc\实验程序\dggridv64_vs2013_边界跟踪用于globeland30实验\lib\dglib\include\dgstring.h(135): warning C4244: “初始化”: 从“long double”转换到“unsigned __int64”，可能丢失数据
d:\demos\dggandglc\实验程序\dggridv64_vs2013_边界跟踪用于globeland30实验\lib\dglib\include\dgidgg.h(580): warning C4244: “return”: 从“const __int64”转换到“long double”，可能丢失数据
d:\demos\dggandglc\实验程序\dggridv64_vs2013_边界跟踪用于globeland30实验\lib\dglib\include\dgidgg.h(796): warning C4244: “return”: 从“long double”转换到“__int64”，可能丢失数据
d:\demos\dggandglc\实验程序\dggridv64_vs2013_边界跟踪用于globeland30实验\lib\dglib\include\dgdmdd4grid2d.h(85): warning C4244: “参数”: 从“__int64”转换到“long double”，可能丢失数据
d:\demos\dggandglc\实验程序\dggridv64_vs2013_边界跟踪用于globeland30实验\dggridv64\glc30_static\glc30_func.cpp(87): warning C4267: “=”: 从“size_t”转换到“int”，可能丢失数据
d:\demos\dggandglc\实验程序\dggridv64_vs2013_边界跟踪用于globeland30实验\dggridv64\glc30_static\glc30_func.cpp(90): warning C4267: “=”: 从“size_t”转换到“int”，可能丢失数据
d:\demos\dggandglc\实验程序\dggridv64_vs2013_边界跟踪用于globeland30实验\dggridv64\glc30_static\glc30_func.cpp(91): warning C4267: “=”: 从“size_t”转换到“int”，可能丢失数据
d:\demos\dggandglc\实验程序\dggridv64_vs2013_边界跟踪用于globeland30实验\dggridv64\glc30_static\glc30_func.cpp(433): warning C4101: “tmp_”: 未引用的局部变量
d:\demos\dggandglc\实验程序\dggridv64_vs2013_边界跟踪用于globeland30实验\dggridv64\glc30_static\glc30_func.cpp(597): warning C4101: “ps2_y”: 未引用的局部变量
d:\demos\dggandglc\实验程序\dggridv64_vs2013_边界跟踪用于globeland30实验\dggridv64\glc30_static\glc30_func.cpp(596): warning C4101: “ps1_y”: 未引用的局部变量
d:\demos\dggandglc\实验程序\dggridv64_vs2013_边界跟踪用于globeland30实验\dggridv64\glc30_static\glc30_func.cpp(596): warning C4101: “ps1_x”: 未引用的局部变量
d:\demos\dggandglc\实验程序\dggridv64_vs2013_边界跟踪用于globeland30实验\dggridv64\glc30_static\glc30_func.cpp(597): warning C4101: “ps2_x”: 未引用的局部变量
d:\demos\dggandglc\实验程序\dggridv64_vs2013_边界跟踪用于globeland30实验\dggridv64\glc30_static\glc30_func.cpp(674): warning C4551: 缺少参数列表的函数调用
d:\demos\dggandglc\实验程序\dggridv64_vs2013_边界跟踪用于globeland30实验\dggridv64\glc30_static\glc30_func.cpp(673): warning C4473: “printf”: 没有为格式字符串传递足够的参数
  d:\demos\dggandglc\实验程序\dggridv64_vs2013_边界跟踪用于globeland30实验\dggridv64\glc30_static\glc30_func.cpp(673): note: 占位符和其参数预计 1 可变参数，但提供的却是 0 参数
  d:\demos\dggandglc\实验程序\dggridv64_vs2013_边界跟踪用于globeland30实验\dggridv64\glc30_static\glc30_func.cpp(673): note: 缺失的可变参数 1 为格式字符串“%s”所需
d:\demos\dggandglc\实验程序\dggridv64_vs2013_边界跟踪用于globeland30实验\dggridv64\glc30_static\glc30_func.cpp(654): warning C4101: “poGeometry”: 未引用的局部变量
d:\demos\dggandglc\实验程序\dggridv64_vs2013_边界跟踪用于globeland30实验\dggridv64\glc30_static\glc30_func.cpp(653): warning C4101: “PBDRs_Line2”: 未引用的局部变量
d:\demos\dggandglc\实验程序\dggridv64_vs2013_边界跟踪用于globeland30实验\dggridv64\glc30_static\glc30_func.cpp(653): warning C4101: “PBDRs_Line1”: 未引用的局部变量
d:\demos\dggandglc\实验程序\dggridv64_vs2013_边界跟踪用于globeland30实验\dggridv64\glc30_static\glc30_func.cpp(656): warning C4101: “BDPolygon”: 未引用的局部变量
d:\demos\dggandglc\实验程序\dggridv64_vs2013_边界跟踪用于globeland30实验\dggridv64\glc30_static\glc30_func.cpp(653): warning C4101: “PBDRs”: 未引用的局部变量
d:\demos\dggandglc\实验程序\dggridv64_vs2013_边界跟踪用于globeland30实验\dggridv64\glc30_static\glc30_func.cpp(655): warning C4101: “pGeoType”: 未引用的局部变量
d:\demos\dggandglc\实验程序\dggridv64_vs2013_边界跟踪用于globeland30实验\dggridv64\glc30_static\glc30_func.cpp(652): warning C4101: “poFeature”: 未引用的局部变量
d:\demos\dggandglc\实验程序\dggridv64_vs2013_边界跟踪用于globeland30实验\dggridv64\glc30_static\glc30_func.cpp(827): warning C4101: “seqnum”: 未引用的局部变量
d:\demos\dggandglc\实验程序\dggridv64_vs2013_边界跟踪用于globeland30实验\dggridv64\glc30_static\glc30_func.cpp(965): warning C4101: “e”: 未引用的局部变量
d:\demos\dggandglc\实验程序\dggridv64_vs2013_边界跟踪用于globeland30实验\dggridv64\glc30_static\glc30_func.cpp(1288): warning C4101: “coordTransInv”: 未引用的局部变量
d:\demos\dggandglc\实验程序\dggridv64_vs2013_边界跟踪用于globeland30实验\dggridv64\glc30_static\glc30_func.cpp(1288): warning C4101: “coordTrans”: 未引用的局部变量
d:\demos\dggandglc\实验程序\dggridv64_vs2013_边界跟踪用于globeland30实验\dggridv64\glc30_static\glc30_func.cpp(1283): warning C4101: “gdt”: 未引用的局部变量
d:\demos\dggandglc\实验程序\dggridv64_vs2013_边界跟踪用于globeland30实验\dggridv64\glc30_static\glc30_func.cpp(1285): warning C4101: “Width”: 未引用的局部变量
d:\demos\dggandglc\实验程序\dggridv64_vs2013_边界跟踪用于globeland30实验\dggridv64\glc30_static\glc30_func.cpp(1287): warning C4101: “projRef”: 未引用的局部变量
d:\demos\dggandglc\实验程序\dggridv64_vs2013_边界跟踪用于globeland30实验\dggridv64\glc30_static\glc30_func.cpp(1285): warning C4101: “nBands”: 未引用的局部变量
d:\demos\dggandglc\实验程序\dggridv64_vs2013_边界跟踪用于globeland30实验\dggridv64\glc30_static\glc30_func.cpp(1282): warning C4101: “adfGeoTransform”: 未引用的局部变量
d:\demos\dggandglc\实验程序\dggridv64_vs2013_边界跟踪用于globeland30实验\dggridv64\glc30_static\glc30_func.cpp(1285): warning C4101: “Height”: 未引用的局部变量
d:\demos\dggandglc\实验程序\dggridv64_vs2013_边界跟踪用于globeland30实验\dggridv64\glc30_static\glc30_func.cpp(1284): warning C4101: “poDataset”: 未引用的局部变量
d:\demos\dggandglc\实验程序\dggridv64_vs2013_边界跟踪用于globeland30实验\dggridv64\glc30_static\glc30_func.cpp(1286): warning C4101: “poBand”: 未引用的局部变量
d:\demos\dggandglc\实验程序\dggridv64_vs2013_边界跟踪用于globeland30实验\dggridv64\glc30_static\glc30_func.cpp(1340): warning C4267: “初始化”: 从“size_t”转换到“int”，可能丢失数据
d:\demos\dggandglc\实验程序\dggridv64_vs2013_边界跟踪用于globeland30实验\dggridv64\glc30_static\glc30_func.cpp(1407): warning C4244: “初始化”: 从“__int64”转换到“int”，可能丢失数据
d:\demos\dggandglc\实验程序\dggridv64_vs2013_边界跟踪用于globeland30实验\dggridv64\glc30_static\glc30_func.cpp(1408): warning C4244: “初始化”: 从“__int64”转换到“int”，可能丢失数据
d:\demos\dggandglc\实验程序\dggridv64_vs2013_边界跟踪用于globeland30实验\dggridv64\glc30_static\glc30_func.cpp(1463): warning C4244: “参数”: 从“double”转换到“float”，可能丢失数据
d:\demos\dggandglc\实验程序\dggridv64_vs2013_边界跟踪用于globeland30实验\dggridv64\glc30_static\glc30_func.cpp(1502): warning C4554: “&”: 检查运算符优先级可能存在的错误；使用圆括号阐明优先级
d:\demos\dggandglc\实验程序\dggridv64_vs2013_边界跟踪用于globeland30实验\dggridv64\glc30_static\glc30_func.cpp(1831): warning C4101: “E”: 未引用的局部变量
d:\demos\dggandglc\实验程序\dggridv64_vs2013_边界跟踪用于globeland30实验\dggridv64\glc30_static\glc30_func.cpp(1831): warning C4101: “D”: 未引用的局部变量
d:\demos\dggandglc\实验程序\dggridv64_vs2013_边界跟踪用于globeland30实验\dggridv64\glc30_static\glc30_func.cpp(1880): warning C4267: “初始化”: 从“size_t”转换到“int”，可能丢失数据
d:\demos\dggandglc\实验程序\dggridv64_vs2013_边界跟踪用于globeland30实验\dggridv64\glc30_static\glc30_func.cpp(2067): warning C4244: “=”: 从“__int64”转换到“int”，可能丢失数据
d:\demos\dggandglc\实验程序\dggridv64_vs2013_边界跟踪用于globeland30实验\dggridv64\glc30_static\glc30_func.cpp(2068): warning C4244: “=”: 从“__int64”转换到“int”，可能丢失数据
d:\demos\dggandglc\实验程序\dggridv64_vs2013_边界跟踪用于globeland30实验\dggridv64\glc30_static\glc30_func.cpp(2085): warning C4244: “参数”: 从“__int64”转换到“int”，可能丢失数据
d:\demos\dggandglc\实验程序\dggridv64_vs2013_边界跟踪用于globeland30实验\dggridv64\glc30_static\glc30_func.cpp(2118): warning C4267: “初始化”: 从“size_t”转换到“int”，可能丢失数据
d:\demos\dggandglc\实验程序\dggridv64_vs2013_边界跟踪用于globeland30实验\dggridv64\glc30_static\glc30_func.cpp(2169): warning C4244: “初始化”: 从“__int64”转换到“int”，可能丢失数据
d:\demos\dggandglc\实验程序\dggridv64_vs2013_边界跟踪用于globeland30实验\dggridv64\glc30_static\glc30_func.cpp(2170): warning C4244: “初始化”: 从“__int64”转换到“int”，可能丢失数据
d:\demos\dggandglc\实验程序\dggridv64_vs2013_边界跟踪用于globeland30实验\dggridv64\glc30_static\glc30_func.cpp(2046): warning C4477: “sscanf”: 格式字符串“%d”需要类型“int *”的参数，但可变参数 3 拥有了类型“double *”
d:\demos\dggandglc\实验程序\dggridv64_vs2013_边界跟踪用于globeland30实验\dggridv64\glc30_static\glc30_func.cpp(2022): warning C4101: “E”: 未引用的局部变量
d:\demos\dggandglc\实验程序\dggridv64_vs2013_边界跟踪用于globeland30实验\dggridv64\glc30_static\glc30_func.cpp(2022): warning C4101: “D”: 未引用的局部变量
d:\demos\dggandglc\实验程序\dggridv64_vs2013_边界跟踪用于globeland30实验\dggridv64\glc30_static\glc30_func.cpp(2039): warning C4101: “lat_start”: 未引用的局部变量
d:\demos\dggandglc\实验程序\dggridv64_vs2013_边界跟踪用于globeland30实验\dggridv64\glc30_static\glc30_func.cpp(2039): warning C4101: “lon_start”: 未引用的局部变量
d:\demos\dggandglc\实验程序\dggridv64_vs2013_边界跟踪用于globeland30实验\dggridv64\glc30_static\glc30_func.cpp(2260): warning C4244: “初始化”: 从“__int64”转换到“int”，可能丢失数据
d:\demos\dggandglc\实验程序\dggridv64_vs2013_边界跟踪用于globeland30实验\dggridv64\glc30_static\glc30_func.cpp(2261): warning C4244: “初始化”: 从“__int64”转换到“int”，可能丢失数据
d:\demos\dggandglc\实验程序\dggridv64_vs2013_边界跟踪用于globeland30实验\dggridv64\glc30_static\glc30_func.cpp(2308): warning C4267: “初始化”: 从“size_t”转换到“int”，可能丢失数据
d:\demos\dggandglc\实验程序\dggridv64_vs2013_边界跟踪用于globeland30实验\dggridv64\glc30_static\glc30_func.cpp(2309): warning C4267: “初始化”: 从“size_t”转换到“int”，可能丢失数据
d:\demos\dggandglc\实验程序\dggridv64_vs2013_边界跟踪用于globeland30实验\dggridv64\glc30_static\glc30_func.cpp(2382): warning C4267: “初始化”: 从“size_t”转换到“int”，可能丢失数据
d:\demos\dggandglc\实验程序\dggridv64_vs2013_边界跟踪用于globeland30实验\dggridv64\glc30_static\glc30_func.cpp(2439): warning C4267: “初始化”: 从“size_t”转换到“int”，可能丢失数据
d:\demos\dggandglc\实验程序\dggridv64_vs2013_边界跟踪用于globeland30实验\dggridv64\glc30_static\glc30_func.cpp(2531): warning C4551: 缺少参数列表的函数调用
d:\demos\dggandglc\实验程序\dggridv64_vs2013_边界跟踪用于globeland30实验\dggridv64\glc30_static\glc30_func.cpp(2530): warning C4473: “printf”: 没有为格式字符串传递足够的参数
  d:\demos\dggandglc\实验程序\dggridv64_vs2013_边界跟踪用于globeland30实验\dggridv64\glc30_static\glc30_func.cpp(2530): note: 占位符和其参数预计 1 可变参数，但提供的却是 0 参数
  d:\demos\dggandglc\实验程序\dggridv64_vs2013_边界跟踪用于globeland30实验\dggridv64\glc30_static\glc30_func.cpp(2530): note: 缺失的可变参数 1 为格式字符串“%s”所需
d:\demos\dggandglc\实验程序\dggridv64_vs2013_边界跟踪用于globeland30实验\dggridv64\glc30_static\glc30_func.cpp(2499): warning C4101: “poGeometry”: 未引用的局部变量
d:\demos\dggandglc\实验程序\dggridv64_vs2013_边界跟踪用于globeland30实验\dggridv64\glc30_static\glc30_func.cpp(2498): warning C4101: “PBDRs_Line2”: 未引用的局部变量
d:\demos\dggandglc\实验程序\dggridv64_vs2013_边界跟踪用于globeland30实验\dggridv64\glc30_static\glc30_func.cpp(2498): warning C4101: “PBDRs_Line1”: 未引用的局部变量
d:\demos\dggandglc\实验程序\dggridv64_vs2013_边界跟踪用于globeland30实验\dggridv64\glc30_static\glc30_func.cpp(2501): warning C4101: “BDPolygon”: 未引用的局部变量
d:\demos\dggandglc\实验程序\dggridv64_vs2013_边界跟踪用于globeland30实验\dggridv64\glc30_static\glc30_func.cpp(2498): warning C4101: “PBDRs”: 未引用的局部变量
d:\demos\dggandglc\实验程序\dggridv64_vs2013_边界跟踪用于globeland30实验\dggridv64\glc30_static\glc30_func.cpp(2500): warning C4101: “pGeoType”: 未引用的局部变量
d:\demos\dggandglc\实验程序\dggridv64_vs2013_边界跟踪用于globeland30实验\dggridv64\glc30_static\glc30_func.cpp(2497): warning C4101: “poFeature”: 未引用的局部变量
d:\demos\dggandglc\实验程序\dggridv64_vs2013_边界跟踪用于globeland30实验\dggridv64\glc30_static\glc30_func.cpp(2631): warning C4267: “初始化”: 从“size_t”转换到“int”，可能丢失数据
d:\demos\dggandglc\实验程序\dggridv64_vs2013_边界跟踪用于globeland30实验\dggridv64\glc30_static\glc30_func.cpp(2635): warning C4244: “=”: 从“int64_t”转换到“long double”，可能丢失数据
d:\demos\dggandglc\实验程序\dggridv64_vs2013_边界跟踪用于globeland30实验\dggridv64\glc30_static\glc30_func.cpp(2636): warning C4244: “=”: 从“int64_t”转换到“long double”，可能丢失数据
d:\demos\dggandglc\实验程序\dggridv64_vs2013_边界跟踪用于globeland30实验\dggridv64\glc30_static\glc30_func.cpp(2637): warning C4244: “=”: 从“int64_t”转换到“long double”，可能丢失数据
d:\demos\dggandglc\实验程序\dggridv64_vs2013_边界跟踪用于globeland30实验\dggridv64\glc30_static\glc30_func.cpp(2638): warning C4244: “=”: 从“int64_t”转换到“long double”，可能丢失数据
d:\demos\dggandglc\实验程序\dggridv64_vs2013_边界跟踪用于globeland30实验\dggridv64\glc30_static\glc30_func.cpp(2716): warning C4551: 缺少参数列表的函数调用
d:\demos\dggandglc\实验程序\dggridv64_vs2013_边界跟踪用于globeland30实验\dggridv64\glc30_static\glc30_func.cpp(2771): warning C4244: “初始化”: 从“double”转换到“int”，可能丢失数据
d:\demos\dggandglc\实验程序\dggridv64_vs2013_边界跟踪用于globeland30实验\dggridv64\glc30_static\glc30_func.cpp(2773): warning C4244: “初始化”: 从“double”转换到“int”，可能丢失数据
d:\demos\dggandglc\实验程序\dggridv64_vs2013_边界跟踪用于globeland30实验\dggridv64\glc30_static\glc30_func.cpp(2885): warning C4244: “参数”: 从“double”转换到“float”，可能丢失数据
d:\demos\dggandglc\实验程序\dggridv64_vs2013_边界跟踪用于globeland30实验\dggridv64\glc30_static\glc30_func.cpp(2899): warning C4244: “参数”: 从“__int64”转换到“int”，可能丢失数据
d:\demos\dggandglc\实验程序\dggridv64_vs2013_边界跟踪用于globeland30实验\dggridv64\glc30_static\glc30_func.cpp(3162): warning C4244: “参数”: 从“double”转换到“float”，可能丢失数据
d:\demos\dggandglc\实验程序\dggridv64_vs2013_边界跟踪用于globeland30实验\dggridv64\glc30_static\glc30_func.cpp(3176): warning C4244: “参数”: 从“__int64”转换到“int”，可能丢失数据
d:\demos\dggandglc\实验程序\dggridv64_vs2013_边界跟踪用于globeland30实验\dggridv64\glc30_static\glc30_func.cpp(2715): warning C4473: “printf”: 没有为格式字符串传递足够的参数
  d:\demos\dggandglc\实验程序\dggridv64_vs2013_边界跟踪用于globeland30实验\dggridv64\glc30_static\glc30_func.cpp(2715): note: 占位符和其参数预计 1 可变参数，但提供的却是 0 参数
  d:\demos\dggandglc\实验程序\dggridv64_vs2013_边界跟踪用于globeland30实验\dggridv64\glc30_static\glc30_func.cpp(2715): note: 缺失的可变参数 1 为格式字符串“%s”所需
d:\demos\dggandglc\实验程序\dggridv64_vs2013_边界跟踪用于globeland30实验\dggridv64\glc30_static\glc30_func.cpp(2678): warning C4101: “PBDRs_Line2”: 未引用的局部变量
d:\demos\dggandglc\实验程序\dggridv64_vs2013_边界跟踪用于globeland30实验\dggridv64\glc30_static\glc30_func.cpp(2675): warning C4101: “poDS2”: 未引用的局部变量
d:\demos\dggandglc\实验程序\dggridv64_vs2013_边界跟踪用于globeland30实验\dggridv64\glc30_static\glc30_func.cpp(2675): warning C4101: “poDS3”: 未引用的局部变量
d:\demos\dggandglc\实验程序\dggridv64_vs2013_边界跟踪用于globeland30实验\dggridv64\glc30_static\glc30_func.cpp(2678): warning C4101: “PBDRs_Line1”: 未引用的局部变量
d:\demos\dggandglc\实验程序\dggridv64_vs2013_边界跟踪用于globeland30实验\dggridv64\glc30_static\glc30_func.cpp(2677): warning C4101: “poFeature3”: 未引用的局部变量
d:\demos\dggandglc\实验程序\dggridv64_vs2013_边界跟踪用于globeland30实验\dggridv64\glc30_static\glc30_func.cpp(2677): warning C4101: “poFeature4”: 未引用的局部变量
d:\demos\dggandglc\实验程序\dggridv64_vs2013_边界跟踪用于globeland30实验\dggridv64\glc30_static\glc30_func.cpp(2675): warning C4101: “poDS4”: 未引用的局部变量
d:\demos\dggandglc\实验程序\dggridv64_vs2013_边界跟踪用于globeland30实验\dggridv64\glc30_static\glc30_func.cpp(2676): warning C4101: “poLayer3”: 未引用的局部变量
d:\demos\dggandglc\实验程序\dggridv64_vs2013_边界跟踪用于globeland30实验\dggridv64\glc30_static\glc30_func.cpp(2681): warning C4101: “BDPolygon”: 未引用的局部变量
d:\demos\dggandglc\实验程序\dggridv64_vs2013_边界跟踪用于globeland30实验\dggridv64\glc30_static\glc30_func.cpp(2678): warning C4101: “PBDRs”: 未引用的局部变量
d:\demos\dggandglc\实验程序\dggridv64_vs2013_边界跟踪用于globeland30实验\dggridv64\glc30_static\glc30_func.cpp(2677): warning C4101: “poFeature2”: 未引用的局部变量
d:\demos\dggandglc\实验程序\dggridv64_vs2013_边界跟踪用于globeland30实验\dggridv64\glc30_static\glc30_func.cpp(2660): warning C4101: “i”: 未引用的局部变量
d:\demos\dggandglc\实验程序\dggridv64_vs2013_边界跟踪用于globeland30实验\dggridv64\glc30_static\glc30_func.cpp(2676): warning C4101: “poLayer2”: 未引用的局部变量
d:\demos\dggandglc\实验程序\dggridv64_vs2013_边界跟踪用于globeland30实验\dggridv64\glc30_static\glc30_func.cpp(2667): warning C4101: “angle”: 未引用的局部变量
d:\demos\dggandglc\实验程序\dggridv64_vs2013_边界跟踪用于globeland30实验\dggridv64\glc30_static\glc30_func.cpp(2676): warning C4101: “poLayer4”: 未引用的局部变量
d:\demos\dggandglc\实验程序\dggridv64_vs2013_边界跟踪用于globeland30实验\dggridv64\glc30_static\glc30_func.cpp(3379): warning C4244: “初始化”: 从“double”转换到“float”，可能丢失数据
d:\demos\dggandglc\实验程序\dggridv64_vs2013_边界跟踪用于globeland30实验\dggridv64\glc30_static\glc30_func.cpp(3381): warning C4305: “-=”: 从“double”到“float”截断
d:\demos\dggandglc\实验程序\dggridv64_vs2013_边界跟踪用于globeland30实验\dggridv64\glc30_static\glc30_func.cpp(3383): warning C4305: “+=”: 从“double”到“float”截断
d:\demos\dggandglc\实验程序\dggridv64_vs2013_边界跟踪用于globeland30实验\dggridv64\glc30_static\glc30_func.cpp(3385): warning C4244: “=”: 从“double”转换到“float”，可能丢失数据
d:\demos\dggandglc\实验程序\dggridv64_vs2013_边界跟踪用于globeland30实验\dggridv64\glc30_static\glc30_func.cpp(3394): warning C4244: “初始化”: 从“__int64”转换到“int”，可能丢失数据
d:\demos\dggandglc\实验程序\dggridv64_vs2013_边界跟踪用于globeland30实验\dggridv64\glc30_static\glc30_func.cpp(3395): warning C4244: “初始化”: 从“__int64”转换到“int”，可能丢失数据
d:\demos\dggandglc\实验程序\dggridv64_vs2013_边界跟踪用于globeland30实验\dggridv64\glc30_static\glc30_func.cpp(3471): warning C4244: “初始化”: 从“__int64”转换到“int”，可能丢失数据
d:\demos\dggandglc\实验程序\dggridv64_vs2013_边界跟踪用于globeland30实验\dggridv64\glc30_static\glc30_func.cpp(3472): warning C4244: “初始化”: 从“__int64”转换到“int”，可能丢失数据
d:\demos\dggandglc\实验程序\dggridv64_vs2013_边界跟踪用于globeland30实验\dggridv64\glc30_static\glc30_func.cpp(3513): warning C4244: “初始化”: 从“__int64”转换到“int”，可能丢失数据
d:\demos\dggandglc\实验程序\dggridv64_vs2013_边界跟踪用于globeland30实验\dggridv64\glc30_static\glc30_func.cpp(3514): warning C4244: “初始化”: 从“__int64”转换到“int”，可能丢失数据
d:\demos\dggandglc\实验程序\dggridv64_vs2013_边界跟踪用于globeland30实验\dggridv64\glc30_static\glc30_func.cpp(3516): warning C4554: “&”: 检查运算符优先级可能存在的错误；使用圆括号阐明优先级
d:\demos\dggandglc\实验程序\dggridv64_vs2013_边界跟踪用于globeland30实验\dggridv64\glc30_static\glc30_func.cpp(3674): warning C4101: “j”: 未引用的局部变量
d:\demos\dggandglc\实验程序\dggridv64_vs2013_边界跟踪用于globeland30实验\dggridv64\glc30_static\glc30_func.cpp(3674): warning C4101: “i”: 未引用的局部变量
d:\demos\dggandglc\实验程序\dggridv64_vs2013_边界跟踪用于globeland30实验\dggridv64\glc30_static\glc30_func.cpp(3866): warning C4101: “B”: 未引用的局部变量
d:\demos\dggandglc\实验程序\dggridv64_vs2013_边界跟踪用于globeland30实验\dggridv64\glc30_static\glc30_func.cpp(3867): warning C4101: “D3”: 未引用的局部变量
d:\demos\dggandglc\实验程序\dggridv64_vs2013_边界跟踪用于globeland30实验\dggridv64\glc30_static\glc30_func.cpp(3866): warning C4101: “A”: 未引用的局部变量
d:\demos\dggandglc\实验程序\dggridv64_vs2013_边界跟踪用于globeland30实验\dggridv64\glc30_static\glc30_func.cpp(3867): warning C4101: “D1”: 未引用的局部变量
d:\demos\dggandglc\实验程序\dggridv64_vs2013_边界跟踪用于globeland30实验\dggridv64\glc30_static\glc30_func.cpp(3867): warning C4101: “D2”: 未引用的局部变量
d:\demos\dggandglc\实验程序\dggridv64_vs2013_边界跟踪用于globeland30实验\dggridv64\glc30_static\glc30_func.cpp(3866): warning C4101: “C”: 未引用的局部变量
d:\demos\dggandglc\实验程序\dggridv64_vs2013_边界跟踪用于globeland30实验\dggridv64\glc30_static\glc30_func.cpp(4106): warning C4551: 缺少参数列表的函数调用
d:\demos\dggandglc\实验程序\dggridv64_vs2013_边界跟踪用于globeland30实验\dggridv64\glc30_static\glc30_func.cpp(4118): warning C4244: “初始化”: 从“GIntBig”转换到“int”，可能丢失数据
d:\demos\dggandglc\实验程序\dggridv64_vs2013_边界跟踪用于globeland30实验\dggridv64\glc30_static\glc30_func.cpp(4105): warning C4473: “printf”: 没有为格式字符串传递足够的参数
  d:\demos\dggandglc\实验程序\dggridv64_vs2013_边界跟踪用于globeland30实验\dggridv64\glc30_static\glc30_func.cpp(4105): note: 占位符和其参数预计 1 可变参数，但提供的却是 0 参数
  d:\demos\dggandglc\实验程序\dggridv64_vs2013_边界跟踪用于globeland30实验\dggridv64\glc30_static\glc30_func.cpp(4105): note: 缺失的可变参数 1 为格式字符串“%s”所需
d:\demos\dggandglc\实验程序\dggridv64_vs2013_边界跟踪用于globeland30实验\dggridv64\glc30_static\glc30_func.cpp(4061): warning C4101: “i”: 未引用的局部变量
d:\demos\dggandglc\实验程序\dggridv64_vs2013_边界跟踪用于globeland30实验\dggridv64\glc30_static\glc30_func.cpp(4097): warning C4101: “add”: 未引用的局部变量
d:\demos\dggandglc\实验程序\dggridv64_vs2013_边界跟踪用于globeland30实验\dggridv64\glc30_static\glc30_func.cpp(4094): warning C4101: “addLoc”: 未引用的局部变量
d:\demos\dggandglc\实验程序\dggridv64_vs2013_边界跟踪用于globeland30实验\dggridv64\glc30_static\glc30_func.cpp(31): warning C4715: “top_Stack”: 不是所有的控件路径都返回值
d:\demos\dggandglc\实验程序\dggridv64_vs2013_边界跟踪用于globeland30实验\dggridv64\glc30_static\glc30_func.cpp(1332): warning C4715: “FindSamePoint”: 不是所有的控件路径都返回值
d:\demos\dggandglc\实验程序\dggridv64_vs2013_边界跟踪用于globeland30实验\dggridv64\glc30_static\glc30_func.cpp(1722): warning C4715: “Edge_Proximity”: 不是所有的控件路径都返回值
d:\demos\dggandglc\实验程序\dggridv64_vs2013_边界跟踪用于globeland30实验\dggridv64\glc30_static\glc30_func.cpp(3670): warning C4715: “Edge_Proximity”: 不是所有的控件路径都返回值
d:\demos\dggandglc\实验程序\dggridv64_vs2013_边界跟踪用于globeland30实验\dggridv64\glc30_static\glc30_func.cpp(4055): warning C4715: “BDOri”: 不是所有的控件路径都返回值
  GLC30_Static.vcxproj -> D:\DEMOS\DGGandGLC\实验程序\DGGRIDv64_VS2013_边界跟踪用于GlobeLand30实验\DGGRIDv64\x64\Debug\GLC30_Static.exe
  GLC30_Static.vcxproj -> D:\DEMOS\DGGandGLC\实验程序\DGGRIDv64_VS2013_边界跟踪用于GlobeLand30实验\DGGRIDv64\x64\Debug\GLC30_Static.pdb (Full PDB)
