d:\demos\dggandglc\实验程序\dggridv64_vs2013_boundary_tracing\lib\dglib\lib\x64\dglib.pdb
d:\demos\dggandglc\实验程序\dggridv64_vs2013_boundary_tracing\lib\dglib\lib\x64\dglib.idb
d:\demos\dggandglc\实验程序\dggridv64_vs2013_boundary_tracing\dggridv64\dglib\x64\debug\dgoutrandptstext.obj
d:\demos\dggandglc\实验程序\dggridv64_vs2013_boundary_tracing\dggridv64\dglib\x64\debug\dgoutshapefile.obj
d:\demos\dggandglc\实验程序\dggridv64_vs2013_boundary_tracing\dggridv64\dglib\x64\debug\dgparamlist.obj
d:\demos\dggandglc\实验程序\dggridv64_vs2013_boundary_tracing\dggridv64\dglib\x64\debug\dgpolygon.obj
d:\demos\dggandglc\实验程序\dggridv64_vs2013_boundary_tracing\dggridv64\dglib\x64\debug\dgprojfuller.obj
d:\demos\dggandglc\实验程序\dggridv64_vs2013_boundary_tracing\dggridv64\dglib\x64\debug\dgprojgnomonicrf.obj
d:\demos\dggandglc\实验程序\dggridv64_vs2013_boundary_tracing\dggridv64\dglib\x64\debug\dgprojisea.obj
d:\demos\dggandglc\实验程序\dggridv64_vs2013_boundary_tracing\dggridv64\dglib\x64\debug\dgprojtrirf.obj
d:\demos\dggandglc\实验程序\dggridv64_vs2013_boundary_tracing\dggridv64\dglib\x64\debug\dgrandom.obj
d:\demos\dggandglc\实验程序\dggridv64_vs2013_boundary_tracing\dggridv64\dglib\x64\debug\dgrfbase.obj
d:\demos\dggandglc\实验程序\dggridv64_vs2013_boundary_tracing\dggridv64\dglib\x64\debug\dgrfnetwork.obj
d:\demos\dggandglc\实验程序\dggridv64_vs2013_boundary_tracing\dggridv64\dglib\x64\debug\dgseriesconverter.obj
d:\demos\dggandglc\实验程序\dggridv64_vs2013_boundary_tracing\dggridv64\dglib\x64\debug\dgsqrd4grid2d.obj
d:\demos\dggandglc\实验程序\dggridv64_vs2013_boundary_tracing\dggridv64\dglib\x64\debug\dgsqrd4grid2ds.obj
d:\demos\dggandglc\实验程序\dggridv64_vs2013_boundary_tracing\dggridv64\dglib\x64\debug\dgsqrd8grid2d.obj
d:\demos\dggandglc\实验程序\dggridv64_vs2013_boundary_tracing\dggridv64\dglib\x64\debug\dgsqrd8grid2ds.obj
d:\demos\dggandglc\实验程序\dggridv64_vs2013_boundary_tracing\dggridv64\dglib\x64\debug\dgsuperfund.obj
d:\demos\dggandglc\实验程序\dggridv64_vs2013_boundary_tracing\dggridv64\dglib\x64\debug\dgtrigrid2d.obj
d:\demos\dggandglc\实验程序\dggridv64_vs2013_boundary_tracing\dggridv64\dglib\x64\debug\dgtrigrid2ds.obj
d:\demos\dggandglc\实验程序\dggridv64_vs2013_boundary_tracing\dggridv64\dglib\x64\debug\dgutil.obj
d:\demos\dggandglc\实验程序\dggridv64_vs2013_boundary_tracing\dggridv64\dglib\x64\debug\dgidggs4h.obj
d:\demos\dggandglc\实验程序\dggridv64_vs2013_boundary_tracing\dggridv64\dglib\x64\debug\dgidggs4t.obj
d:\demos\dggandglc\实验程序\dggridv64_vs2013_boundary_tracing\dggridv64\dglib\x64\debug\dginaigenfile.obj
d:\demos\dggandglc\实验程序\dggridv64_vs2013_boundary_tracing\dggridv64\dglib\x64\debug\dginloctextfile.obj
d:\demos\dggandglc\实验程序\dggridv64_vs2013_boundary_tracing\dggridv64\dglib\x64\debug\dginputstream.obj
d:\demos\dggandglc\实验程序\dggridv64_vs2013_boundary_tracing\dggridv64\dglib\x64\debug\dginshapefile.obj
d:\demos\dggandglc\实验程序\dggridv64_vs2013_boundary_tracing\dggridv64\dglib\x64\debug\dginshapefileatt.obj
d:\demos\dggandglc\实验程序\dggridv64_vs2013_boundary_tracing\dggridv64\dglib\x64\debug\dgivec2d.obj
d:\demos\dggandglc\实验程序\dggridv64_vs2013_boundary_tracing\dggridv64\dglib\x64\debug\dgivec3d.obj
d:\demos\dggandglc\实验程序\dggridv64_vs2013_boundary_tracing\dggridv64\dglib\x64\debug\dglocation.obj
d:\demos\dggandglc\实验程序\dggridv64_vs2013_boundary_tracing\dggridv64\dglib\x64\debug\dglocbase.obj
d:\demos\dggandglc\实验程序\dggridv64_vs2013_boundary_tracing\dggridv64\dglib\x64\debug\dgloclist.obj
d:\demos\dggandglc\实验程序\dggridv64_vs2013_boundary_tracing\dggridv64\dglib\x64\debug\dglocvector.obj
d:\demos\dggandglc\实验程序\dggridv64_vs2013_boundary_tracing\dggridv64\dglib\x64\debug\dgoutaigenfile.obj
d:\demos\dggandglc\实验程序\dggridv64_vs2013_boundary_tracing\dggridv64\dglib\x64\debug\dgoutgeojsonfile.obj
d:\demos\dggandglc\实验程序\dggridv64_vs2013_boundary_tracing\dggridv64\dglib\x64\debug\dgoutkmlfile.obj
d:\demos\dggandglc\实验程序\dggridv64_vs2013_boundary_tracing\dggridv64\dglib\x64\debug\dgoutlocfile.obj
d:\demos\dggandglc\实验程序\dggridv64_vs2013_boundary_tracing\dggridv64\dglib\x64\debug\dgoutloctextfile.obj
d:\demos\dggandglc\实验程序\dggridv64_vs2013_boundary_tracing\dggridv64\dglib\x64\debug\dgoutptstext.obj
d:\demos\dggandglc\实验程序\dggridv64_vs2013_boundary_tracing\dggridv64\dglib\x64\debug\dgoutputstream.obj
d:\demos\dggandglc\实验程序\dggridv64_vs2013_boundary_tracing\dggridv64\dglib\x64\debug\dgconverterbase.obj
d:\demos\dggandglc\实验程序\dggridv64_vs2013_boundary_tracing\dggridv64\dglib\x64\debug\dgdiscrfs2d.obj
d:\demos\dggandglc\实验程序\dggridv64_vs2013_boundary_tracing\dggridv64\dglib\x64\debug\dgdistancebase.obj
d:\demos\dggandglc\实验程序\dggridv64_vs2013_boundary_tracing\dggridv64\dglib\x64\debug\dgdmdd4grid2d.obj
d:\demos\dggandglc\实验程序\dggridv64_vs2013_boundary_tracing\dggridv64\dglib\x64\debug\dgdmdd4grid2ds.obj
d:\demos\dggandglc\实验程序\dggridv64_vs2013_boundary_tracing\dggridv64\dglib\x64\debug\dgdmdd8grid2d.obj
d:\demos\dggandglc\实验程序\dggridv64_vs2013_boundary_tracing\dggridv64\dglib\x64\debug\dgdmdd8grid2ds.obj
d:\demos\dggandglc\实验程序\dggridv64_vs2013_boundary_tracing\dggridv64\dglib\x64\debug\dgdvec2d.obj
d:\demos\dggandglc\实验程序\dggridv64_vs2013_boundary_tracing\dggridv64\dglib\x64\debug\dgdvec3d.obj
d:\demos\dggandglc\实验程序\dggridv64_vs2013_boundary_tracing\dggridv64\dglib\x64\debug\dgellipsoidrf.obj
d:\demos\dggandglc\实验程序\dggridv64_vs2013_boundary_tracing\dggridv64\dglib\x64\debug\dggeosphrf.obj
d:\demos\dggandglc\实验程序\dggridv64_vs2013_boundary_tracing\dggridv64\dglib\x64\debug\dghexc1grid2d.obj
d:\demos\dggandglc\实验程序\dggridv64_vs2013_boundary_tracing\dggridv64\dglib\x64\debug\dghexc2grid2d.obj
d:\demos\dggandglc\实验程序\dggridv64_vs2013_boundary_tracing\dggridv64\dglib\x64\debug\dghexgrid2ds.obj
d:\demos\dggandglc\实验程序\dggridv64_vs2013_boundary_tracing\dggridv64\dglib\x64\debug\dgicosamap.obj
d:\demos\dggandglc\实验程序\dggridv64_vs2013_boundary_tracing\dggridv64\dglib\x64\debug\dgidgg.obj
d:\demos\dggandglc\实验程序\dggridv64_vs2013_boundary_tracing\dggridv64\dglib\x64\debug\dgidggs.obj
d:\demos\dggandglc\实验程序\dggridv64_vs2013_boundary_tracing\dggridv64\dglib\x64\debug\dgidggs3h.obj
d:\demos\dggandglc\实验程序\dggridv64_vs2013_boundary_tracing\dggridv64\dglib\x64\debug\dgidggs43h.obj
d:\demos\dggandglc\实验程序\dggridv64_vs2013_boundary_tracing\dggridv64\dglib\x64\debug\dgidggs4d.obj
d:\demos\dggandglc\实验程序\dggridv64_vs2013_boundary_tracing\dggridv64\dglib\x64\debug\dgaddressbase.obj
d:\demos\dggandglc\实验程序\dggridv64_vs2013_boundary_tracing\dggridv64\dglib\x64\debug\dgbase.obj
d:\demos\dggandglc\实验程序\dggridv64_vs2013_boundary_tracing\dggridv64\dglib\x64\debug\dgboundedhexc2rf2d.obj
d:\demos\dggandglc\实验程序\dggridv64_vs2013_boundary_tracing\dggridv64\dglib\x64\debug\dgboundedidgg.obj
d:\demos\dggandglc\实验程序\dggridv64_vs2013_boundary_tracing\dggridv64\dglib\x64\debug\dgboundedidggs.obj
d:\demos\dggandglc\实验程序\dggridv64_vs2013_boundary_tracing\dggridv64\dglib\x64\debug\dgboundedrf2d.obj
d:\demos\dggandglc\实验程序\dggridv64_vs2013_boundary_tracing\dggridv64\dglib\x64\debug\dgboundedrfs2d.obj
d:\demos\dggandglc\实验程序\dggridv64_vs2013_boundary_tracing\dggridv64\dglib\x64\debug\dgcell.obj
d:\demos\dggandglc\实验程序\dggridv64_vs2013_boundary_tracing\dggridv64\dglib\x64\debug\dgcolor.obj
d:\demos\dggandglc\实验程序\dggridv64_vs2013_boundary_tracing\lib\dglib\lib\x64\dglib.lib
d:\demos\dggandglc\实验程序\dggridv64_vs2013_boundary_tracing\dggridv64\dglib\..\..\lib\dglib\lib\x64\dglib.lib
d:\demos\dggandglc\实验程序\dggridv64_vs2013_boundary_tracing\dggridv64\dglib\x64\debug\dglib.tlog\cl.command.1.tlog
d:\demos\dggandglc\实验程序\dggridv64_vs2013_boundary_tracing\dggridv64\dglib\x64\debug\dglib.tlog\cl.read.1.tlog
d:\demos\dggandglc\实验程序\dggridv64_vs2013_boundary_tracing\dggridv64\dglib\x64\debug\dglib.tlog\cl.write.1.tlog
d:\demos\dggandglc\实验程序\dggridv64_vs2013_boundary_tracing\dggridv64\dglib\x64\debug\dglib.tlog\lib-link.read.1.tlog
d:\demos\dggandglc\实验程序\dggridv64_vs2013_boundary_tracing\dggridv64\dglib\x64\debug\dglib.tlog\lib-link.write.1.tlog
d:\demos\dggandglc\实验程序\dggridv64_vs2013_boundary_tracing\dggridv64\dglib\x64\debug\dglib.tlog\lib.command.1.tlog
