d:\demos\dggandglc\实验程序\dggridv64_vs2013_boundary_tracing\dggridv64\dggridv64\x64\debug\dggridv64.pdb
d:\demos\dggandglc\实验程序\dggridv64_vs2013_boundary_tracing\dggridv64\dggridv64\x64\debug\dggridv64.idb
d:\demos\dggandglc\实验程序\dggridv64_vs2013_boundary_tracing\dggridv64\dggridv64\x64\debug\binpres.obj
d:\demos\dggandglc\实验程序\dggridv64_vs2013_boundary_tracing\dggridv64\dggridv64\x64\debug\binvals.obj
d:\demos\dggandglc\实验程序\dggridv64_vs2013_boundary_tracing\dggridv64\dggridv64\x64\debug\clipper.obj
d:\demos\dggandglc\实验程序\dggridv64_vs2013_boundary_tracing\dggridv64\dggridv64\x64\debug\dggrid.obj
d:\demos\dggandglc\实验程序\dggridv64_vs2013_boundary_tracing\dggridv64\dggridv64\x64\debug\dghexsf.obj
d:\demos\dggandglc\实验程序\dggridv64_vs2013_boundary_tracing\dggridv64\dggridv64\x64\debug\gridgen.obj
d:\demos\dggandglc\实验程序\dggridv64_vs2013_boundary_tracing\dggridv64\dggridv64\x64\debug\param.obj
d:\demos\dggandglc\实验程序\dggridv64_vs2013_boundary_tracing\dggridv64\dggridv64\x64\debug\quadclip.obj
d:\demos\dggandglc\实验程序\dggridv64_vs2013_boundary_tracing\dggridv64\dggridv64\x64\debug\table.obj
d:\demos\dggandglc\实验程序\dggridv64_vs2013_boundary_tracing\dggridv64\dggridv64\x64\debug\transform.obj
d:\demos\dggandglc\实验程序\dggridv64_vs2013_boundary_tracing\dggridv64\dggridv64\x64\debug\util.obj
d:\demos\dggandglc\实验程序\dggridv64_vs2013_boundary_tracing\lib\dggrid64lib\lib\x64\dggridv64.lib
d:\demos\dggandglc\实验程序\dggridv64_vs2013_boundary_tracing\dggridv64\dggridv64\..\..\lib\dggrid64lib\lib\x64\dggridv64.lib
d:\demos\dggandglc\实验程序\dggridv64_vs2013_boundary_tracing\dggridv64\dggridv64\x64\debug\dggridv64.tlog\cl.command.1.tlog
d:\demos\dggandglc\实验程序\dggridv64_vs2013_boundary_tracing\dggridv64\dggridv64\x64\debug\dggridv64.tlog\cl.read.1.tlog
d:\demos\dggandglc\实验程序\dggridv64_vs2013_boundary_tracing\dggridv64\dggridv64\x64\debug\dggridv64.tlog\cl.write.1.tlog
d:\demos\dggandglc\实验程序\dggridv64_vs2013_boundary_tracing\dggridv64\dggridv64\x64\debug\dggridv64.tlog\lib-link.read.1.tlog
d:\demos\dggandglc\实验程序\dggridv64_vs2013_boundary_tracing\dggridv64\dggridv64\x64\debug\dggridv64.tlog\lib-link.write.1.tlog
d:\demos\dggandglc\实验程序\dggridv64_vs2013_boundary_tracing\dggridv64\dggridv64\x64\debug\dggridv64.tlog\lib.command.1.tlog
