  util.cpp
  transform.cpp
d:\demos\dggandglc\实验程序\dggridv64_vs2013_边界跟踪用于globeland30实验\lib\dglib\include\dgutil.h(106): warning C4244: “return”: 从“__int64”转换到“long”，可能丢失数据
d:\demos\dggandglc\实验程序\dggridv64_vs2013_边界跟踪用于globeland30实验\lib\dglib\include\dgstring.h(135): warning C4244: “初始化”: 从“long double”转换到“unsigned __int64”，可能丢失数据
d:\demos\dggandglc\实验程序\dggridv64_vs2013_边界跟踪用于globeland30实验\lib\dglib\include\dgidgg.h(580): warning C4244: “return”: 从“const __int64”转换到“long double”，可能丢失数据
d:\demos\dggandglc\实验程序\dggridv64_vs2013_边界跟踪用于globeland30实验\lib\dglib\include\dgidgg.h(796): warning C4244: “return”: 从“long double”转换到“__int64”，可能丢失数据
d:\demos\dggandglc\实验程序\dggridv64_vs2013_边界跟踪用于globeland30实验\dggridv64\dggridv64\transform.cpp(239): warning C4244: “初始化”: 从“unsigned __int64”转换到“unsigned long”，可能丢失数据
  table.cpp
d:\demos\dggandglc\实验程序\dggridv64_vs2013_边界跟踪用于globeland30实验\lib\dglib\include\dgutil.h(106): warning C4244: “return”: 从“__int64”转换到“long”，可能丢失数据
d:\demos\dggandglc\实验程序\dggridv64_vs2013_边界跟踪用于globeland30实验\lib\dglib\include\dgstring.h(135): warning C4244: “初始化”: 从“long double”转换到“unsigned __int64”，可能丢失数据
d:\demos\dggandglc\实验程序\dggridv64_vs2013_边界跟踪用于globeland30实验\lib\dglib\include\dgidgg.h(580): warning C4244: “return”: 从“const __int64”转换到“long double”，可能丢失数据
d:\demos\dggandglc\实验程序\dggridv64_vs2013_边界跟踪用于globeland30实验\lib\dglib\include\dgidgg.h(796): warning C4244: “return”: 从“long double”转换到“__int64”，可能丢失数据
d:\demos\dggandglc\实验程序\dggridv64_vs2013_边界跟踪用于globeland30实验\dggridv64\dggridv64\table.cpp(58): warning C4267: “初始化”: 从“size_t”转换到“int”，可能丢失数据
d:\demos\dggandglc\实验程序\dggridv64_vs2013_边界跟踪用于globeland30实验\dggridv64\dggridv64\table.cpp(60): warning C4267: “初始化”: 从“size_t”转换到“int”，可能丢失数据
d:\demos\dggandglc\实验程序\dggridv64_vs2013_边界跟踪用于globeland30实验\dggridv64\dggridv64\table.cpp(62): warning C4267: “初始化”: 从“size_t”转换到“int”，可能丢失数据
d:\demos\dggandglc\实验程序\dggridv64_vs2013_边界跟踪用于globeland30实验\dggridv64\dggridv64\table.cpp(64): warning C4267: “初始化”: 从“size_t”转换到“int”，可能丢失数据
d:\demos\dggandglc\实验程序\dggridv64_vs2013_边界跟踪用于globeland30实验\dggridv64\dggridv64\table.cpp(66): warning C4267: “初始化”: 从“size_t”转换到“int”，可能丢失数据
  quadclip.cpp
d:\demos\dggandglc\实验程序\dggridv64_vs2013_边界跟踪用于globeland30实验\lib\dglib\include\dgutil.h(106): warning C4244: “return”: 从“__int64”转换到“long”，可能丢失数据
d:\demos\dggandglc\实验程序\dggridv64_vs2013_边界跟踪用于globeland30实验\lib\dglib\include\dgstring.h(135): warning C4244: “初始化”: 从“long double”转换到“unsigned __int64”，可能丢失数据
d:\demos\dggandglc\实验程序\dggridv64_vs2013_边界跟踪用于globeland30实验\lib\dglib\include\dgidgg.h(580): warning C4244: “return”: 从“const __int64”转换到“long double”，可能丢失数据
d:\demos\dggandglc\实验程序\dggridv64_vs2013_边界跟踪用于globeland30实验\lib\dglib\include\dgidgg.h(796): warning C4244: “return”: 从“long double”转换到“__int64”，可能丢失数据
d:\demos\dggandglc\实验程序\dggridv64_vs2013_边界跟踪用于globeland30实验\lib\dglib\include\dgdmdd4grid2d.h(85): warning C4244: “参数”: 从“__int64”转换到“long double”，可能丢失数据
d:\demos\dggandglc\实验程序\dggridv64_vs2013_边界跟踪用于globeland30实验\dggridv64\dggridv64\quadclip.cpp(189): warning C4244: “参数”: 从“long double”转换到“ClipperLib::cInt”，可能丢失数据
d:\demos\dggandglc\实验程序\dggridv64_vs2013_边界跟踪用于globeland30实验\dggridv64\dggridv64\quadclip.cpp(340): warning C4244: “参数”: 从“long double”转换到“ClipperLib::cInt”，可能丢失数据
d:\demos\dggandglc\实验程序\dggridv64_vs2013_边界跟踪用于globeland30实验\dggridv64\dggridv64\quadclip.cpp(416): warning C4244: “参数”: 从“long double”转换到“ClipperLib::cInt”，可能丢失数据
  param.cpp
d:\demos\dggandglc\实验程序\dggridv64_vs2013_边界跟踪用于globeland30实验\lib\dglib\include\dgutil.h(106): warning C4244: “return”: 从“__int64”转换到“long”，可能丢失数据
d:\demos\dggandglc\实验程序\dggridv64_vs2013_边界跟踪用于globeland30实验\lib\dglib\include\dgstring.h(135): warning C4244: “初始化”: 从“long double”转换到“unsigned __int64”，可能丢失数据
d:\demos\dggandglc\实验程序\dggridv64_vs2013_边界跟踪用于globeland30实验\lib\dglib\include\dgidgg.h(580): warning C4244: “return”: 从“const __int64”转换到“long double”，可能丢失数据
d:\demos\dggandglc\实验程序\dggridv64_vs2013_边界跟踪用于globeland30实验\lib\dglib\include\dgidgg.h(796): warning C4244: “return”: 从“long double”转换到“__int64”，可能丢失数据
d:\demos\dggandglc\实验程序\dggridv64_vs2013_边界跟踪用于globeland30实验\dggridv64\dggridv64\param.cpp(172): warning C4267: “=”: 从“size_t”转换到“int”，可能丢失数据
d:\demos\dggandglc\实验程序\dggridv64_vs2013_边界跟踪用于globeland30实验\dggridv64\dggridv64\param.cpp(177): warning C4267: “=”: 从“size_t”转换到“int”，可能丢失数据
  gridgen.cpp
d:\demos\dggandglc\实验程序\dggridv64_vs2013_边界跟踪用于globeland30实验\lib\dglib\include\dgutil.h(106): warning C4244: “return”: 从“__int64”转换到“long”，可能丢失数据
d:\demos\dggandglc\实验程序\dggridv64_vs2013_边界跟踪用于globeland30实验\lib\dglib\include\dgstring.h(135): warning C4244: “初始化”: 从“long double”转换到“unsigned __int64”，可能丢失数据
d:\demos\dggandglc\实验程序\dggridv64_vs2013_边界跟踪用于globeland30实验\lib\dglib\include\dgidgg.h(580): warning C4244: “return”: 从“const __int64”转换到“long double”，可能丢失数据
d:\demos\dggandglc\实验程序\dggridv64_vs2013_边界跟踪用于globeland30实验\lib\dglib\include\dgidgg.h(796): warning C4244: “return”: 从“long double”转换到“__int64”，可能丢失数据
d:\demos\dggandglc\实验程序\dggridv64_vs2013_边界跟踪用于globeland30实验\lib\dglib\include\dgdmdd4grid2d.h(85): warning C4244: “参数”: 从“__int64”转换到“long double”，可能丢失数据
d:\demos\dggandglc\实验程序\dggridv64_vs2013_边界跟踪用于globeland30实验\dggridv64\dggridv64\gridgen.cpp(406): warning C4244: “参数”: 从“long double”转换到“ClipperLib::cInt”，可能丢失数据
d:\demos\dggandglc\实验程序\dggridv64_vs2013_边界跟踪用于globeland30实验\dggridv64\dggridv64\gridgen.cpp(897): warning C4101: “seqnum”: 未引用的局部变量
d:\demos\dggandglc\实验程序\dggridv64_vs2013_边界跟踪用于globeland30实验\dggridv64\dggridv64\gridgen.cpp(978): warning C4101: “e”: 未引用的局部变量
  DgHexSF.cpp
d:\demos\dggandglc\实验程序\dggridv64_vs2013_边界跟踪用于globeland30实验\lib\dglib\include\dgutil.h(106): warning C4244: “return”: 从“__int64”转换到“long”，可能丢失数据
d:\demos\dggandglc\实验程序\dggridv64_vs2013_边界跟踪用于globeland30实验\lib\dglib\include\dgstring.h(135): warning C4244: “初始化”: 从“long double”转换到“unsigned __int64”，可能丢失数据
d:\demos\dggandglc\实验程序\dggridv64_vs2013_边界跟踪用于globeland30实验\lib\dglib\include\dgidgg.h(580): warning C4244: “return”: 从“const __int64”转换到“long double”，可能丢失数据
d:\demos\dggandglc\实验程序\dggridv64_vs2013_边界跟踪用于globeland30实验\lib\dglib\include\dgidgg.h(796): warning C4244: “return”: 从“long double”转换到“__int64”，可能丢失数据
d:\demos\dggandglc\实验程序\dggridv64_vs2013_边界跟踪用于globeland30实验\dggridv64\dggridv64\dghexsf.cpp(294): warning C4244: “=”: 从“__int64”转换到“int”，可能丢失数据
d:\demos\dggandglc\实验程序\dggridv64_vs2013_边界跟踪用于globeland30实验\dggridv64\dggridv64\dghexsf.cpp(295): warning C4244: “=”: 从“__int64”转换到“int”，可能丢失数据
d:\demos\dggandglc\实验程序\dggridv64_vs2013_边界跟踪用于globeland30实验\dggridv64\dggridv64\dghexsf.cpp(296): warning C4244: “=”: 从“__int64”转换到“int”，可能丢失数据
d:\demos\dggandglc\实验程序\dggridv64_vs2013_边界跟踪用于globeland30实验\dggridv64\dggridv64\dghexsf.cpp(309): warning C4244: “参数”: 从“__int64”转换到“long double”，可能丢失数据
d:\demos\dggandglc\实验程序\dggridv64_vs2013_边界跟踪用于globeland30实验\dggridv64\dggridv64\dghexsf.cpp(310): warning C4244: “参数”: 从“__int64”转换到“long double”，可能丢失数据
d:\demos\dggandglc\实验程序\dggridv64_vs2013_边界跟踪用于globeland30实验\dggridv64\dggridv64\dghexsf.cpp(311): warning C4244: “参数”: 从“__int64”转换到“long double”，可能丢失数据
d:\demos\dggandglc\实验程序\dggridv64_vs2013_边界跟踪用于globeland30实验\dggridv64\dggridv64\dghexsf.cpp(326): warning C4244: “参数”: 从“__int64”转换到“long double”，可能丢失数据
d:\demos\dggandglc\实验程序\dggridv64_vs2013_边界跟踪用于globeland30实验\dggridv64\dggridv64\dghexsf.cpp(327): warning C4244: “参数”: 从“__int64”转换到“long double”，可能丢失数据
d:\demos\dggandglc\实验程序\dggridv64_vs2013_边界跟踪用于globeland30实验\dggridv64\dggridv64\dghexsf.cpp(328): warning C4244: “参数”: 从“__int64”转换到“long double”，可能丢失数据
d:\demos\dggandglc\实验程序\dggridv64_vs2013_边界跟踪用于globeland30实验\dggridv64\dggridv64\dghexsf.cpp(338): warning C4244: “初始化”: 从“__int64”转换到“int”，可能丢失数据
d:\demos\dggandglc\实验程序\dggridv64_vs2013_边界跟踪用于globeland30实验\dggridv64\dggridv64\dghexsf.cpp(339): warning C4244: “初始化”: 从“__int64”转换到“int”，可能丢失数据
d:\demos\dggandglc\实验程序\dggridv64_vs2013_边界跟踪用于globeland30实验\dggridv64\dggridv64\dghexsf.cpp(340): warning C4244: “初始化”: 从“__int64”转换到“int”，可能丢失数据
  dggrid.cpp
d:\demos\dggandglc\实验程序\dggridv64_vs2013_边界跟踪用于globeland30实验\lib\dglib\include\dgutil.h(106): warning C4244: “return”: 从“__int64”转换到“long”，可能丢失数据
d:\demos\dggandglc\实验程序\dggridv64_vs2013_边界跟踪用于globeland30实验\lib\dglib\include\dgstring.h(135): warning C4244: “初始化”: 从“long double”转换到“unsigned __int64”，可能丢失数据
d:\demos\dggandglc\实验程序\dggridv64_vs2013_边界跟踪用于globeland30实验\lib\dglib\include\dgidgg.h(580): warning C4244: “return”: 从“const __int64”转换到“long double”，可能丢失数据
d:\demos\dggandglc\实验程序\dggridv64_vs2013_边界跟踪用于globeland30实验\lib\dglib\include\dgidgg.h(796): warning C4244: “return”: 从“long double”转换到“__int64”，可能丢失数据
  clipper.cpp
  binvals.cpp
d:\demos\dggandglc\实验程序\dggridv64_vs2013_边界跟踪用于globeland30实验\lib\dglib\include\dgutil.h(106): warning C4244: “return”: 从“__int64”转换到“long”，可能丢失数据
d:\demos\dggandglc\实验程序\dggridv64_vs2013_边界跟踪用于globeland30实验\lib\dglib\include\dgstring.h(135): warning C4244: “初始化”: 从“long double”转换到“unsigned __int64”，可能丢失数据
d:\demos\dggandglc\实验程序\dggridv64_vs2013_边界跟踪用于globeland30实验\lib\dglib\include\dgidgg.h(580): warning C4244: “return”: 从“const __int64”转换到“long double”，可能丢失数据
d:\demos\dggandglc\实验程序\dggridv64_vs2013_边界跟踪用于globeland30实验\lib\dglib\include\dgidgg.h(796): warning C4244: “return”: 从“long double”转换到“__int64”，可能丢失数据
d:\demos\dggandglc\实验程序\dggridv64_vs2013_边界跟踪用于globeland30实验\dggridv64\dggridv64\binvals.cpp(227): warning C4244: “初始化”: 从“unsigned __int64”转换到“long”，可能丢失数据
d:\demos\dggandglc\实验程序\dggridv64_vs2013_边界跟踪用于globeland30实验\dggridv64\dggridv64\binvals.cpp(388): warning C4244: “=”: 从“__int64”转换到“int”，可能丢失数据
d:\demos\dggandglc\实验程序\dggridv64_vs2013_边界跟踪用于globeland30实验\dggridv64\dggridv64\binvals.cpp(389): warning C4244: “=”: 从“__int64”转换到“int”，可能丢失数据
d:\demos\dggandglc\实验程序\dggridv64_vs2013_边界跟踪用于globeland30实验\dggridv64\dggridv64\binvals.cpp(514): warning C4244: “初始化”: 从“unsigned __int64”转换到“unsigned long”，可能丢失数据
  binpres.cpp
d:\demos\dggandglc\实验程序\dggridv64_vs2013_边界跟踪用于globeland30实验\lib\dglib\include\dgutil.h(106): warning C4244: “return”: 从“__int64”转换到“long”，可能丢失数据
d:\demos\dggandglc\实验程序\dggridv64_vs2013_边界跟踪用于globeland30实验\lib\dglib\include\dgstring.h(135): warning C4244: “初始化”: 从“long double”转换到“unsigned __int64”，可能丢失数据
d:\demos\dggandglc\实验程序\dggridv64_vs2013_边界跟踪用于globeland30实验\lib\dglib\include\dgidgg.h(580): warning C4244: “return”: 从“const __int64”转换到“long double”，可能丢失数据
d:\demos\dggandglc\实验程序\dggridv64_vs2013_边界跟踪用于globeland30实验\lib\dglib\include\dgidgg.h(796): warning C4244: “return”: 从“long double”转换到“__int64”，可能丢失数据
d:\demos\dggandglc\实验程序\dggridv64_vs2013_边界跟踪用于globeland30实验\dggridv64\dggridv64\binpres.cpp(182): warning C4267: “初始化”: 从“size_t”转换到“int”，可能丢失数据
d:\demos\dggandglc\实验程序\dggridv64_vs2013_边界跟踪用于globeland30实验\dggridv64\dggridv64\binpres.cpp(217): warning C4244: “初始化”: 从“unsigned __int64”转换到“long”，可能丢失数据
d:\demos\dggandglc\实验程序\dggridv64_vs2013_边界跟踪用于globeland30实验\dggridv64\dggridv64\binpres.cpp(373): warning C4267: “初始化”: 从“size_t”转换到“int”，可能丢失数据
d:\demos\dggandglc\实验程序\dggridv64_vs2013_边界跟踪用于globeland30实验\dggridv64\dggridv64\binpres.cpp(381): warning C4244: “=”: 从“__int64”转换到“int”，可能丢失数据
d:\demos\dggandglc\实验程序\dggridv64_vs2013_边界跟踪用于globeland30实验\dggridv64\dggridv64\binpres.cpp(382): warning C4244: “=”: 从“__int64”转换到“int”，可能丢失数据
d:\demos\dggandglc\实验程序\dggridv64_vs2013_边界跟踪用于globeland30实验\dggridv64\dggridv64\binpres.cpp(504): warning C4244: “初始化”: 从“unsigned __int64”转换到“unsigned long”，可能丢失数据
  正在生成代码...
  DGGRIDv64.vcxproj -> D:\DEMOS\DGGandGLC\实验程序\DGGRIDv64_VS2013_边界跟踪用于GlobeLand30实验\DGGRIDv64\DGGRIDv64\..\..\lib\DGGRID64lib\lib\x64\DGGRIDv64.lib
