Build started 2018/11/23 20:27:11.
     1>Project "C:\Users\Charley\Desktop\DGGRIDv64_VS2013\DGGRIDv64\shapelib\shapelib.vcxproj" on node 2 (Build target(s)).
     1>ClCompile:
         C:\Program Files (x86)\Microsoft Visual Studio 12.0\VC\bin\CL.exe /c /ZI /nologo /W3 /WX- /sdl /Od /Oy- /D _CRT_SECURE_NO_WARNINGS /D _MBCS /Gm /EHsc /RTC1 /MDd /GS /fp:precise /Zc:wchar_t /Zc:forScope /Fo"Debug\\" /Fd"..\..\lib\shapelib\lib\x86\shapelib.pdb" /Gd /TC /analyze- /errorReport:prompt dbfadd.c dbfcreate.c dbfdump.c dbfopen.c safileio.c sbnsearch.c shpadd.c shpcreate.c shpdump.c shpopen.c shprewind.c shptest.c shptree.c shptreedump.c shputils.c
         shputils.c
         shptreedump.c
         shptree.c
         shptest.c
         shprewind.c
         shpopen.c
         shpdump.c
         shpcreate.c
         shpadd.c
         sbnsearch.c
         safileio.c
         dbfopen.c
         dbfdump.c
         dbfcreate.c
         dbfadd.c
         Generating Code...
       Lib:
         C:\Program Files (x86)\Microsoft Visual Studio 12.0\VC\bin\Lib.exe /OUT:"..\..\lib\shapelib\lib\x86\shapelib.lib" /NOLOGO Debug\dbfadd.obj
         Debug\dbfcreate.obj
         Debug\dbfdump.obj
         Debug\dbfopen.obj
         Debug\safileio.obj
         Debug\sbnsearch.obj
         Debug\shpadd.obj
         Debug\shpcreate.obj
         Debug\shpdump.obj
         Debug\shpopen.obj
         Debug\shprewind.obj
         Debug\shptest.obj
         Debug\shptree.obj
         Debug\shptreedump.obj
         Debug\shputils.obj
     1>shptreedump.obj : warning LNK4006: _main already defined in shputils.obj; second definition ignored
     1>shptest.obj : warning LNK4006: _main already defined in shputils.obj; second definition ignored
     1>shprewind.obj : warning LNK4006: _main already defined in shputils.obj; second definition ignored
     1>shpdump.obj : warning LNK4006: _main already defined in shputils.obj; second definition ignored
     1>shpcreate.obj : warning LNK4006: _main already defined in shputils.obj; second definition ignored
     1>shpadd.obj : warning LNK4006: _main already defined in shputils.obj; second definition ignored
     1>dbfdump.obj : warning LNK4006: _main already defined in shputils.obj; second definition ignored
     1>dbfcreate.obj : warning LNK4006: _main already defined in shputils.obj; second definition ignored
     1>dbfadd.obj : warning LNK4006: _main already defined in shputils.obj; second definition ignored
         shapelib.vcxproj -> C:\Users\Charley\Desktop\DGGRIDv64_VS2013\DGGRIDv64\shapelib\..\..\lib\shapelib\lib\x86\shapelib.lib
     1>Done Building Project "C:\Users\Charley\Desktop\DGGRIDv64_VS2013\DGGRIDv64\shapelib\shapelib.vcxproj" (Build target(s)).

Build succeeded.

Time Elapsed 00:00:01.47
