c:\users\charley\desktop\dggridv64_vs2013\lib\shapelib\lib.pdb
c:\users\charley\desktop\dggridv64_vs2013\lib\shapelib\lib.idb
c:\users\charley\desktop\dggridv64_vs2013\dggridv64\shapelib\debug\dbfadd.obj
c:\users\charley\desktop\dggridv64_vs2013\dggridv64\shapelib\debug\dbfcreate.obj
c:\users\charley\desktop\dggridv64_vs2013\dggridv64\shapelib\debug\dbfdump.obj
c:\users\charley\desktop\dggridv64_vs2013\dggridv64\shapelib\debug\dbfopen.obj
c:\users\charley\desktop\dggridv64_vs2013\dggridv64\shapelib\debug\safileio.obj
c:\users\charley\desktop\dggridv64_vs2013\dggridv64\shapelib\debug\sbnsearch.obj
c:\users\charley\desktop\dggridv64_vs2013\dggridv64\shapelib\debug\shpadd.obj
c:\users\charley\desktop\dggridv64_vs2013\dggridv64\shapelib\debug\shpcreate.obj
c:\users\charley\desktop\dggridv64_vs2013\dggridv64\shapelib\debug\shpdump.obj
c:\users\charley\desktop\dggridv64_vs2013\dggridv64\shapelib\debug\shpopen.obj
c:\users\charley\desktop\dggridv64_vs2013\dggridv64\shapelib\debug\shprewind.obj
c:\users\charley\desktop\dggridv64_vs2013\dggridv64\shapelib\debug\shptest.obj
c:\users\charley\desktop\dggridv64_vs2013\dggridv64\shapelib\debug\shptree.obj
c:\users\charley\desktop\dggridv64_vs2013\dggridv64\shapelib\debug\shptreedump.obj
c:\users\charley\desktop\dggridv64_vs2013\dggridv64\shapelib\debug\shputils.obj
c:\users\charley\desktop\dggridv64_vs2013\lib\shapelib\lib
c:\users\charley\desktop\dggridv64_vs2013\lib\shapelib\lib\shapelib.lib
c:\users\charley\desktop\dggridv64_vs2013\dggridv64\shapelib\..\..\lib\shapelib\lib\shapelib.lib
c:\users\charley\desktop\dggridv64_vs2013\dggridv64\shapelib\debug\shapelib.tlog\cl.command.1.tlog
c:\users\charley\desktop\dggridv64_vs2013\dggridv64\shapelib\debug\shapelib.tlog\cl.read.1.tlog
c:\users\charley\desktop\dggridv64_vs2013\dggridv64\shapelib\debug\shapelib.tlog\cl.write.1.tlog
c:\users\charley\desktop\dggridv64_vs2013\dggridv64\shapelib\debug\shapelib.tlog\lib-link.read.1.tlog
c:\users\charley\desktop\dggridv64_vs2013\dggridv64\shapelib\debug\shapelib.tlog\lib-link.write.1.tlog
c:\users\charley\desktop\dggridv64_vs2013\dggridv64\shapelib\debug\shapelib.tlog\lib.command.1.tlog
